<?xml version="1.0" encoding="UTF-8"?>
<!-- Generated by org.testng.reporters.JUnitReportReporter -->
<testsuite hostname="Sazzads-MBP" failures="0" tests="4" name="com.qa.opencart.tests.LoginPageTest" time="0.706" errors="0" timestamp="22 Jun 2024 18:14:48 GMT" skipped="0">
  <testcase classname="com.qa.opencart.tests.LoginPageTest" name="forgotPwdLinkExistTest" time="0.383"/>
  <testcase classname="com.qa.opencart.tests.LoginPageTest" name="loginPageUrlTest" time="0.007"/>
  <testcase classname="com.qa.opencart.tests.LoginPageTest" name="loginTest" time="0.308"/>
  <testcase classname="com.qa.opencart.tests.LoginPageTest" name="loginPageTest" time="0.008"/>
</testsuite> <!-- com.qa.opencart.tests.LoginPageTest -->
